# JRE version: Java(TM) SE Runtime Environment (7.0_51-b13) (build 1.7.0_51-b13)
# Java VM: Java HotSpot(TM) 64-Bit Server VM (24.51-b03 mixed mode windows-amd64 compressed oops)
Heap
 PSYoungGen      total 142848K, used 78186K [0x00000000f0000000, 0x00000000f9600000, 0x0000000100000000)
  eden space 132096K, 51% used [0x00000000f0000000,0x00000000f41df748,0x00000000f8100000)
  from space 10752K, 99% used [0x00000000f8b80000,0x00000000f95fb2e0,0x00000000f9600000)
  to   space 10752K, 0% used [0x00000000f8100000,0x00000000f8100000,0x00000000f8b80000)
 ParOldGen       total 175104K, used 4865K [0x00000000d0000000, 0x00000000dab00000, 0x00000000f0000000)
  object space 175104K, 2% used [0x00000000d0000000,0x00000000d04c04f0,0x00000000dab00000)
 PSPermGen       total 32256K, used 32112K [0x00000000cae00000, 0x00000000ccd80000, 0x00000000d0000000)
  object space 32256K, 99% used [0x00000000cae00000,0x00000000ccd5c138,0x00000000ccd80000)
GC Heap History (8 events):
Event: 0.857 GC heap before
{Heap before GC invocations=1 (full 0):
 PSYoungGen      total 76800K, used 66048K [0x00000000f0000000, 0x00000000f5580000, 0x0000000100000000)
  eden space 66048K, 100% used [0x00000000f0000000,0x00000000f4080000,0x00000000f4080000)
  from space 10752K, 0% used [0x00000000f4b00000,0x00000000f4b00000,0x00000000f5580000)
  to   space 10752K, 0% used [0x00000000f4080000,0x00000000f4080000,0x00000000f4b00000)
 ParOldGen       total 175104K, used 0K [0x00000000d0000000, 0x00000000dab00000, 0x00000000f0000000)
  object space 175104K, 0% used [0x00000000d0000000,0x00000000d0000000,0x00000000dab00000)
 PSPermGen       total 21504K, used 9936K [0x00000000cae00000, 0x00000000cc300000, 0x00000000d0000000)
  object space 21504K, 46% used [0x00000000cae00000,0x00000000cb7b4188,0x00000000cc300000)
Event: 0.866 GC heap after
Heap after GC invocations=1 (full 0):
 PSYoungGen      total 76800K, used 7569K [0x00000000f0000000, 0x00000000f5580000, 0x0000000100000000)
  eden space 66048K, 0% used [0x00000000f0000000,0x00000000f0000000,0x00000000f4080000)
  from space 10752K, 70% used [0x00000000f4080000,0x00000000f47e45b8,0x00000000f4b00000)
  to   space 10752K, 0% used [0x00000000f4b00000,0x00000000f4b00000,0x00000000f5580000)
 ParOldGen       total 175104K, used 8K [0x00000000d0000000, 0x00000000dab00000, 0x00000000f0000000)
  object space 175104K, 0% used [0x00000000d0000000,0x00000000d0002000,0x00000000dab00000)
 PSPermGen       total 21504K, used 9936K [0x00000000cae00000, 0x00000000cc300000, 0x00000000d0000000)
  object space 21504K, 46% used [0x00000000cae00000,0x00000000cb7b4188,0x00000000cc300000)
}
Event: 1.440 GC heap before
{Heap before GC invocations=2 (full 0):
 PSYoungGen      total 76800K, used 73617K [0x00000000f0000000, 0x00000000f5580000, 0x0000000100000000)
  eden space 66048K, 100% used [0x00000000f0000000,0x00000000f4080000,0x00000000f4080000)
  from space 10752K, 70% used [0x00000000f4080000,0x00000000f47e45b8,0x00000000f4b00000)
  to   space 10752K, 0% used [0x00000000f4b00000,0x00000000f4b00000,0x00000000f5580000)
 ParOldGen       total 175104K, used 8K [0x00000000d0000000, 0x00000000dab00000, 0x00000000f0000000)
  object space 175104K, 0% used [0x00000000d0000000,0x00000000d0002000,0x00000000dab00000)
 PSPermGen       total 21504K, used 14709K [0x00000000cae00000, 0x00000000cc300000, 0x00000000d0000000)
  object space 21504K, 68% used [0x00000000cae00000,0x00000000cbc5d490,0x00000000cc300000)
Event: 1.454 GC heap after
Heap after GC invocations=2 (full 0):
 PSYoungGen      total 76800K, used 7714K [0x00000000f0000000, 0x00000000f9600000, 0x0000000100000000)
  eden space 66048K, 0% used [0x00000000f0000000,0x00000000f0000000,0x00000000f4080000)
  from space 10752K, 71% used [0x00000000f4b00000,0x00000000f5288be0,0x00000000f5580000)
  to   space 10752K, 0% used [0x00000000f4080000,0x00000000f4080000,0x00000000f4b00000)
 ParOldGen       total 175104K, used 16K [0x00000000d0000000, 0x00000000dab00000, 0x00000000f0000000)
  object space 175104K, 0% used [0x00000000d0000000,0x00000000d0004000,0x00000000dab00000)
 PSPermGen       total 21504K, used 14709K [0x00000000cae00000, 0x00000000cc300000, 0x00000000d0000000)
  object space 21504K, 68% used [0x00000000cae00000,0x00000000cbc5d490,0x00000000cc300000)
}
Event: 2.148 GC heap before
{Heap before GC invocations=3 (full 0):
 PSYoungGen      total 76800K, used 73762K [0x00000000f0000000, 0x00000000f9600000, 0x0000000100000000)
  eden space 66048K, 100% used [0x00000000f0000000,0x00000000f4080000,0x00000000f4080000)
  from space 10752K, 71% used [0x00000000f4b00000,0x00000000f5288be0,0x00000000f5580000)
  to   space 10752K, 0% used [0x00000000f4080000,0x00000000f4080000,0x00000000f4b00000)
 ParOldGen       total 175104K, used 16K [0x00000000d0000000, 0x00000000dab00000, 0x00000000f0000000)
  object space 175104K, 0% used [0x00000000d0000000,0x00000000d0004000,0x00000000dab00000)
 PSPermGen       total 21504K, used 20625K [0x00000000cae00000, 0x00000000cc300000, 0x00000000d0000000)
  object space 21504K, 95% used [0x00000000cae00000,0x00000000cc224538,0x00000000cc300000)
Event: 2.158 GC heap after
Heap after GC invocations=3 (full 0):
 PSYoungGen      total 76800K, used 9626K [0x00000000f0000000, 0x00000000f9600000, 0x0000000100000000)
  eden space 66048K, 0% used [0x00000000f0000000,0x00000000f0000000,0x00000000f4080000)
  from space 10752K, 89% used [0x00000000f4080000,0x00000000f49e6868,0x00000000f4b00000)
  to   space 10752K, 0% used [0x00000000f8b80000,0x00000000f8b80000,0x00000000f9600000)
 ParOldGen       total 175104K, used 88K [0x00000000d0000000, 0x00000000dab00000, 0x00000000f0000000)
  object space 175104K, 0% used [0x00000000d0000000,0x00000000d0016010,0x00000000dab00000)
 PSPermGen       total 21504K, used 20625K [0x00000000cae00000, 0x00000000cc300000, 0x00000000d0000000)
  object space 21504K, 95% used [0x00000000cae00000,0x00000000cc224538,0x00000000cc300000)
}
Event: 2.674 GC heap before
{Heap before GC invocations=4 (full 0):
 PSYoungGen      total 76800K, used 75674K [0x00000000f0000000, 0x00000000f9600000, 0x0000000100000000)
  eden space 66048K, 100% used [0x00000000f0000000,0x00000000f4080000,0x00000000f4080000)
  from space 10752K, 89% used [0x00000000f4080000,0x00000000f49e6868,0x00000000f4b00000)
  to   space 10752K, 0% used [0x00000000f8b80000,0x00000000f8b80000,0x00000000f9600000)
 ParOldGen       total 175104K, used 88K [0x00000000d0000000, 0x00000000dab00000, 0x00000000f0000000)
  object space 175104K, 0% used [0x00000000d0000000,0x00000000d0016010,0x00000000dab00000)
 PSPermGen       total 25600K, used 25524K [0x00000000cae00000, 0x00000000cc700000, 0x00000000d0000000)
  object space 25600K, 99% used [0x00000000cae00000,0x00000000cc6ed190,0x00000000cc700000)
Event: 2.687 GC heap after
Heap after GC invocations=4 (full 0):
 PSYoungGen      total 142848K, used 10732K [0x00000000f0000000, 0x00000000f9600000, 0x0000000100000000)
  eden space 132096K, 0% used [0x00000000f0000000,0x00000000f0000000,0x00000000f8100000)
  from space 10752K, 99% used [0x00000000f8b80000,0x00000000f95fb2e0,0x00000000f9600000)
  to   space 10752K, 0% used [0x00000000f8100000,0x00000000f8100000,0x00000000f8b80000)
 ParOldGen       total 175104K, used 4865K [0x00000000d0000000, 0x00000000dab00000, 0x00000000f0000000)
  object space 175104K, 2% used [0x00000000d0000000,0x00000000d04c04f0,0x00000000dab00000)
 PSPermGen       total 25600K, used 25524K [0x00000000cae00000, 0x00000000cc700000, 0x00000000d0000000)
  object space 25600K, 99% used [0x00000000cae00000,0x00000000cc6ed190,0x00000000cc700000)
}

