# JRE version: Java(TM) SE Runtime Environment (7.0_51-b13) (build 1.7.0_51-b13)
# Java VM: Java HotSpot(TM) 64-Bit Server VM (24.51-b03 mixed mode windows-amd64 compressed oops)
Heap
 PSYoungGen      total 251392K, used 146877K [0x00000000f0000000, 0x0000000100000000, 0x0000000100000000)
  eden space 240640K, 56% used [0x00000000f0000000,0x00000000f84ef9a0,0x00000000feb00000)
  from space 10752K, 99% used [0x00000000ff580000,0x00000000fffffc30,0x0000000100000000)
  to   space 10752K, 0% used [0x00000000feb00000,0x00000000feb00000,0x00000000ff580000)
 ParOldGen       total 175104K, used 20034K [0x00000000d0000000, 0x00000000dab00000, 0x00000000f0000000)
  object space 175104K, 11% used [0x00000000d0000000,0x00000000d1390be8,0x00000000dab00000)
 PSPermGen       total 40448K, used 40053K [0x00000000cae00000, 0x00000000cd580000, 0x00000000d0000000)
  object space 40448K, 99% used [0x00000000cae00000,0x00000000cd51d498,0x00000000cd580000)
GC Heap History (8 events):
Event: 0.732 GC heap before
{Heap before GC invocations=1 (full 0):
 PSYoungGen      total 76800K, used 66048K [0x00000000f0000000, 0x00000000f5580000, 0x0000000100000000)
  eden space 66048K, 100% used [0x00000000f0000000,0x00000000f4080000,0x00000000f4080000)
  from space 10752K, 0% used [0x00000000f4b00000,0x00000000f4b00000,0x00000000f5580000)
  to   space 10752K, 0% used [0x00000000f4080000,0x00000000f4080000,0x00000000f4b00000)
 ParOldGen       total 175104K, used 0K [0x00000000d0000000, 0x00000000dab00000, 0x00000000f0000000)
  object space 175104K, 0% used [0x00000000d0000000,0x00000000d0000000,0x00000000dab00000)
 PSPermGen       total 21504K, used 16489K [0x00000000cae00000, 0x00000000cc300000, 0x00000000d0000000)
  object space 21504K, 76% used [0x00000000cae00000,0x00000000cbe1a650,0x00000000cc300000)
Event: 0.745 GC heap after
Heap after GC invocations=1 (full 0):
 PSYoungGen      total 76800K, used 10735K [0x00000000f0000000, 0x00000000f9600000, 0x0000000100000000)
  eden space 66048K, 0% used [0x00000000f0000000,0x00000000f0000000,0x00000000f4080000)
  from space 10752K, 99% used [0x00000000f4080000,0x00000000f4afbf68,0x00000000f4b00000)
  to   space 10752K, 0% used [0x00000000f8b80000,0x00000000f8b80000,0x00000000f9600000)
 ParOldGen       total 175104K, used 3176K [0x00000000d0000000, 0x00000000dab00000, 0x00000000f0000000)
  object space 175104K, 1% used [0x00000000d0000000,0x00000000d031a178,0x00000000dab00000)
 PSPermGen       total 21504K, used 16489K [0x00000000cae00000, 0x00000000cc300000, 0x00000000d0000000)
  object space 21504K, 76% used [0x00000000cae00000,0x00000000cbe1a650,0x00000000cc300000)
}
Event: 1.278 GC heap before
{Heap before GC invocations=2 (full 0):
 PSYoungGen      total 76800K, used 76783K [0x00000000f0000000, 0x00000000f9600000, 0x0000000100000000)
  eden space 66048K, 100% used [0x00000000f0000000,0x00000000f4080000,0x00000000f4080000)
  from space 10752K, 99% used [0x00000000f4080000,0x00000000f4afbf68,0x00000000f4b00000)
  to   space 10752K, 0% used [0x00000000f8b80000,0x00000000f8b80000,0x00000000f9600000)
 ParOldGen       total 175104K, used 3176K [0x00000000d0000000, 0x00000000dab00000, 0x00000000f0000000)
  object space 175104K, 1% used [0x00000000d0000000,0x00000000d031a178,0x00000000dab00000)
 PSPermGen       total 21504K, used 18520K [0x00000000cae00000, 0x00000000cc300000, 0x00000000d0000000)
  object space 21504K, 86% used [0x00000000cae00000,0x00000000cc016330,0x00000000cc300000)
Event: 1.286 GC heap after
Heap after GC invocations=2 (full 0):
 PSYoungGen      total 142848K, used 10734K [0x00000000f0000000, 0x00000000f9600000, 0x0000000100000000)
  eden space 132096K, 0% used [0x00000000f0000000,0x00000000f0000000,0x00000000f8100000)
  from space 10752K, 99% used [0x00000000f8b80000,0x00000000f95fb910,0x00000000f9600000)
  to   space 10752K, 0% used [0x00000000f8100000,0x00000000f8100000,0x00000000f8b80000)
 ParOldGen       total 175104K, used 3424K [0x00000000d0000000, 0x00000000dab00000, 0x00000000f0000000)
  object space 175104K, 1% used [0x00000000d0000000,0x00000000d0358220,0x00000000dab00000)
 PSPermGen       total 21504K, used 18520K [0x00000000cae00000, 0x00000000cc300000, 0x00000000d0000000)
  object space 21504K, 86% used [0x00000000cae00000,0x00000000cc016330,0x00000000cc300000)
}
Event: 2.534 GC heap before
{Heap before GC invocations=3 (full 0):
 PSYoungGen      total 142848K, used 142830K [0x00000000f0000000, 0x00000000f9600000, 0x0000000100000000)
  eden space 132096K, 100% used [0x00000000f0000000,0x00000000f8100000,0x00000000f8100000)
  from space 10752K, 99% used [0x00000000f8b80000,0x00000000f95fb910,0x00000000f9600000)
  to   space 10752K, 0% used [0x00000000f8100000,0x00000000f8100000,0x00000000f8b80000)
 ParOldGen       total 175104K, used 3424K [0x00000000d0000000, 0x00000000dab00000, 0x00000000f0000000)
  object space 175104K, 1% used [0x00000000d0000000,0x00000000d0358220,0x00000000dab00000)
 PSPermGen       total 26624K, used 26611K [0x00000000cae00000, 0x00000000cc800000, 0x00000000d0000000)
  object space 26624K, 99% used [0x00000000cae00000,0x00000000cc7fce18,0x00000000cc800000)
Event: 2.549 GC heap after
Heap after GC invocations=3 (full 0):
 PSYoungGen      total 142848K, used 10731K [0x00000000f0000000, 0x0000000100000000, 0x0000000100000000)
  eden space 132096K, 0% used [0x00000000f0000000,0x00000000f0000000,0x00000000f8100000)
  from space 10752K, 99% used [0x00000000f8100000,0x00000000f8b7ad20,0x00000000f8b80000)
  to   space 10752K, 0% used [0x00000000ff580000,0x00000000ff580000,0x0000000100000000)
 ParOldGen       total 175104K, used 11495K [0x00000000d0000000, 0x00000000dab00000, 0x00000000f0000000)
  object space 175104K, 6% used [0x00000000d0000000,0x00000000d0b39f88,0x00000000dab00000)
 PSPermGen       total 26624K, used 26611K [0x00000000cae00000, 0x00000000cc800000, 0x00000000d0000000)
  object space 26624K, 99% used [0x00000000cae00000,0x00000000cc7fce18,0x00000000cc800000)
}
Event: 3.723 GC heap before
{Heap before GC invocations=4 (full 0):
 PSYoungGen      total 142848K, used 142827K [0x00000000f0000000, 0x0000000100000000, 0x0000000100000000)
  eden space 132096K, 100% used [0x00000000f0000000,0x00000000f8100000,0x00000000f8100000)
  from space 10752K, 99% used [0x00000000f8100000,0x00000000f8b7ad20,0x00000000f8b80000)
  to   space 10752K, 0% used [0x00000000ff580000,0x00000000ff580000,0x0000000100000000)
 ParOldGen       total 175104K, used 11495K [0x00000000d0000000, 0x00000000dab00000, 0x00000000f0000000)
  object space 175104K, 6% used [0x00000000d0000000,0x00000000d0b39f88,0x00000000dab00000)
 PSPermGen       total 31232K, used 31063K [0x00000000cae00000, 0x00000000ccc80000, 0x00000000d0000000)
  object space 31232K, 99% used [0x00000000cae00000,0x00000000ccc55fe8,0x00000000ccc80000)
Event: 3.744 GC heap after
Heap after GC invocations=4 (full 0):
 PSYoungGen      total 251392K, used 10751K [0x00000000f0000000, 0x0000000100000000, 0x0000000100000000)
  eden space 240640K, 0% used [0x00000000f0000000,0x00000000f0000000,0x00000000feb00000)
  from space 10752K, 99% used [0x00000000ff580000,0x00000000fffffc30,0x0000000100000000)
  to   space 10752K, 0% used [0x00000000feb00000,0x00000000feb00000,0x00000000ff580000)
 ParOldGen       total 175104K, used 20034K [0x00000000d0000000, 0x00000000dab00000, 0x00000000f0000000)
  object space 175104K, 11% used [0x00000000d0000000,0x00000000d1390be8,0x00000000dab00000)
 PSPermGen       total 31232K, used 31063K [0x00000000cae00000, 0x00000000ccc80000, 0x00000000d0000000)
  object space 31232K, 99% used [0x00000000cae00000,0x00000000ccc55fe8,0x00000000ccc80000)
}

